2022-08-18 01:10:54,054:INFO:PyCaret Supervised Module
2022-08-18 01:10:54,054:INFO:ML Usecase: classification
2022-08-18 01:10:54,054:INFO:version 2.3.10
2022-08-18 01:10:54,054:INFO:Initializing setup()
2022-08-18 01:10:54,054:INFO:setup(target=heart_disease, ml_usecase=classification, available_plots={'parameter': 'Hyperparameters', 'auc': 'AUC', 'confusion_matrix': 'Confusion Matrix', 'threshold': 'Threshold', 'pr': 'Precision Recall', 'error': 'Prediction Error', 'class_report': 'Class Report', 'rfe': 'Feature Selection', 'learning': 'Learning Curve', 'manifold': 'Manifold Learning', 'calibration': 'Calibration Curve', 'vc': 'Validation Curve', 'dimension': 'Dimensions', 'feature': 'Feature Importance', 'feature_all': 'Feature Importance (All)', 'boundary': 'Decision Boundary', 'lift': 'Lift Chart', 'gain': 'Gain Chart', 'tree': 'Decision Tree', 'ks': 'KS Statistic Plot'}, train_size=0.7, test_data=None, preprocess=True, imputation_type=simple, iterative_imputation_iters=5, categorical_features=['sex_M_F', 'chest_pain_value', 'ECG_value', 'ST_slope_peak', 'defect_diag'], categorical_imputation=constant, categorical_iterative_imputer=lightgbm, ordinal_features=None, high_cardinality_features=None, high_cardinality_method=frequency, numeric_features=None, numeric_imputation=mean, numeric_iterative_imputer=lightgbm, date_features=None, ignore_features=None, normalize=False, normalize_method=zscore, transformation=False, transformation_method=yeo-johnson, handle_unknown_categorical=True, unknown_categorical_method=least_frequent, pca=False, pca_method=linear, pca_components=None, ignore_low_variance=False, combine_rare_levels=False, rare_level_threshold=0.1, bin_numeric_features=None, remove_outliers=False, outliers_threshold=0.05, remove_multicollinearity=False, multicollinearity_threshold=0.9, remove_perfect_collinearity=True, create_clusters=False, cluster_iter=20, polynomial_features=False, polynomial_degree=2, trigonometry_features=False, polynomial_threshold=0.1, group_features=None, group_names=None, feature_selection=False, feature_selection_threshold=0.8, feature_selection_method=classic, feature_interaction=False, feature_ratio=False, interaction_threshold=0.01, fix_imbalance=False, fix_imbalance_method=None, transform_target=False, transform_target_method=box-cox, data_split_shuffle=True, data_split_stratify=False, fold_strategy=stratifiedkfold, fold=10, fold_shuffle=False, fold_groups=None, n_jobs=-1, use_gpu=False, custom_pipeline=None, html=True, session_id=None, log_experiment=False, experiment_name=None, experiment_custom_tags=None, log_plots=False, log_profile=False, log_data=False, silent=False, verbose=True, profile=False, profile_kwargs=None, display=None)
2022-08-18 01:10:54,061:INFO:Checking environment
2022-08-18 01:10:54,061:INFO:python_version: 3.8.13
2022-08-18 01:10:54,061:INFO:python_build: ('default', 'Mar 28 2022 06:59:08')
2022-08-18 01:10:54,061:INFO:machine: AMD64
2022-08-18 01:10:54,069:INFO:platform: Windows-10-10.0.19043-SP0
2022-08-18 01:10:54,069:INFO:Memory: svmem(total=68647309312, available=48675463168, percent=29.1, used=19971846144, free=48675463168)
2022-08-18 01:10:54,069:INFO:Physical Core: 6
2022-08-18 01:10:54,069:INFO:Logical Core: 12
2022-08-18 01:10:54,069:INFO:Checking libraries
2022-08-18 01:10:54,069:INFO:pd==1.4.3
2022-08-18 01:10:54,069:INFO:numpy==1.19.5
2022-08-18 01:10:54,069:INFO:sklearn==0.23.2
2022-08-18 01:10:54,069:INFO:lightgbm==3.3.2
2022-08-18 01:10:54,070:WARNING:catboost not found
2022-08-18 01:10:54,071:WARNING:xgboost not found
2022-08-18 01:10:54,071:INFO:mlflow==1.28.0
2022-08-18 01:10:54,071:INFO:Checking Exceptions
2022-08-18 01:10:54,071:INFO:Declaring global variables
2022-08-18 01:10:54,071:INFO:USI: 26ee
2022-08-18 01:10:54,071:INFO:pycaret_globals: {'transform_target_method_param', 'fix_imbalance_param', 'fold_groups_param', 'exp_name_log', '_all_models_internal', 'display_container', 'imputation_regressor', 'fold_shuffle_param', '_gpu_n_jobs_param', 'fold_generator', 'transform_target_param', '_ml_usecase', 'data_before_preprocess', 'imputation_classifier', 'stratify_param', 'X_train', 'iterative_imputation_iters_param', 'pycaret_globals', 'y_test', 'gpu_param', 'experiment__', 'prep_pipe', '_internal_pipeline', 'n_jobs_param', 'fold_param', 'log_plots_param', 'html_param', 'dashboard_logger', '_all_metrics', 'X', 'y_train', 'y', 'target_param', 'X_test', 'seed', 'create_model_container', 'fold_groups_param_full', 'master_model_container', 'logging_param', '_all_models', 'USI', '_available_plots', 'fix_imbalance_method_param'}
2022-08-18 01:10:54,071:INFO:Preparing display monitor
2022-08-18 01:10:54,071:INFO:Preparing display monitor
2022-08-18 01:10:54,079:INFO:Importing libraries
2022-08-18 01:10:54,079:INFO:Copying data for preprocessing
2022-08-18 01:10:54,082:INFO:Declaring preprocessing parameters
2022-08-18 01:10:54,083:INFO:Creating preprocessing pipeline
2022-08-18 01:10:54,087:INFO:Preprocessing pipeline created successfully
2022-08-18 01:10:54,087:ERROR:(Process Exit): setup has been interupted with user command 'quit'. setup must rerun.
2022-08-18 01:10:54,087:INFO:Creating global containers
2022-08-18 01:10:54,089:INFO:Internal pipeline: Pipeline(memory=None, steps=[('empty_step', 'passthrough')], verbose=False)
2022-08-18 01:21:48,785:INFO:PyCaret Supervised Module
2022-08-18 01:21:48,786:INFO:ML Usecase: classification
2022-08-18 01:21:48,786:INFO:version 2.3.10
2022-08-18 01:21:48,786:INFO:Initializing setup()
2022-08-18 01:21:48,786:INFO:setup(target=heart_disease, ml_usecase=classification, available_plots={'parameter': 'Hyperparameters', 'auc': 'AUC', 'confusion_matrix': 'Confusion Matrix', 'threshold': 'Threshold', 'pr': 'Precision Recall', 'error': 'Prediction Error', 'class_report': 'Class Report', 'rfe': 'Feature Selection', 'learning': 'Learning Curve', 'manifold': 'Manifold Learning', 'calibration': 'Calibration Curve', 'vc': 'Validation Curve', 'dimension': 'Dimensions', 'feature': 'Feature Importance', 'feature_all': 'Feature Importance (All)', 'boundary': 'Decision Boundary', 'lift': 'Lift Chart', 'gain': 'Gain Chart', 'tree': 'Decision Tree', 'ks': 'KS Statistic Plot'}, train_size=0.7, test_data=None, preprocess=True, imputation_type=simple, iterative_imputation_iters=5, categorical_features=['sex_M_F', 'chest_pain_value', 'ECG_value', 'ST_slope_peak', 'defect_diag'], categorical_imputation=constant, categorical_iterative_imputer=lightgbm, ordinal_features=None, high_cardinality_features=None, high_cardinality_method=frequency, numeric_features=None, numeric_imputation=mean, numeric_iterative_imputer=lightgbm, date_features=None, ignore_features=None, normalize=False, normalize_method=zscore, transformation=False, transformation_method=yeo-johnson, handle_unknown_categorical=True, unknown_categorical_method=least_frequent, pca=False, pca_method=linear, pca_components=None, ignore_low_variance=False, combine_rare_levels=False, rare_level_threshold=0.1, bin_numeric_features=None, remove_outliers=False, outliers_threshold=0.05, remove_multicollinearity=False, multicollinearity_threshold=0.9, remove_perfect_collinearity=True, create_clusters=False, cluster_iter=20, polynomial_features=False, polynomial_degree=2, trigonometry_features=False, polynomial_threshold=0.1, group_features=None, group_names=None, feature_selection=False, feature_selection_threshold=0.8, feature_selection_method=classic, feature_interaction=False, feature_ratio=False, interaction_threshold=0.01, fix_imbalance=False, fix_imbalance_method=None, transform_target=False, transform_target_method=box-cox, data_split_shuffle=True, data_split_stratify=False, fold_strategy=stratifiedkfold, fold=10, fold_shuffle=False, fold_groups=None, n_jobs=-1, use_gpu=False, custom_pipeline=None, html=True, session_id=None, log_experiment=False, experiment_name=None, experiment_custom_tags=None, log_plots=False, log_profile=False, log_data=False, silent=False, verbose=True, profile=False, profile_kwargs=None, display=None)
2022-08-18 01:21:48,786:INFO:Checking environment
2022-08-18 01:21:48,786:INFO:python_version: 3.8.13
2022-08-18 01:21:48,786:INFO:python_build: ('default', 'Mar 28 2022 06:59:08')
2022-08-18 01:21:48,786:INFO:machine: AMD64
2022-08-18 01:21:48,786:INFO:platform: Windows-10-10.0.19043-SP0
2022-08-18 01:21:48,787:INFO:Memory: svmem(total=68647309312, available=48886738944, percent=28.8, used=19760570368, free=48886738944)
2022-08-18 01:21:48,787:INFO:Physical Core: 6
2022-08-18 01:21:48,787:INFO:Logical Core: 12
2022-08-18 01:21:48,787:INFO:Checking libraries
2022-08-18 01:21:48,787:INFO:pd==1.4.3
2022-08-18 01:21:48,787:INFO:numpy==1.19.5
2022-08-18 01:21:48,787:INFO:sklearn==0.23.2
2022-08-18 01:21:48,787:INFO:lightgbm==3.3.2
2022-08-18 01:21:48,788:WARNING:catboost not found
2022-08-18 01:21:48,788:WARNING:xgboost not found
2022-08-18 01:21:48,788:INFO:mlflow==1.28.0
2022-08-18 01:21:48,788:INFO:Checking Exceptions
2022-08-18 01:21:48,789:INFO:Declaring global variables
2022-08-18 01:21:48,789:INFO:USI: 2ceb
2022-08-18 01:21:48,789:INFO:pycaret_globals: {'y_test', '_ml_usecase', 'data_before_preprocess', 'imputation_classifier', '_available_plots', 'iterative_imputation_iters_param', 'transform_target_param', 'experiment__', 'y_train', 'logging_param', '_all_models_internal', '_all_models', 'fold_generator', 'fold_groups_param', 'X_test', '_internal_pipeline', 'stratify_param', 'create_model_container', 'seed', 'y', 'log_plots_param', 'master_model_container', '_gpu_n_jobs_param', '_all_metrics', 'n_jobs_param', 'X', 'fold_groups_param_full', 'fold_shuffle_param', 'fix_imbalance_param', 'dashboard_logger', 'fix_imbalance_method_param', 'gpu_param', 'pycaret_globals', 'transform_target_method_param', 'exp_name_log', 'display_container', 'target_param', 'prep_pipe', 'USI', 'html_param', 'imputation_regressor', 'X_train', 'fold_param'}
2022-08-18 01:21:48,789:INFO:Preparing display monitor
2022-08-18 01:21:48,789:INFO:Preparing display monitor
2022-08-18 01:21:48,802:INFO:Importing libraries
2022-08-18 01:21:48,802:INFO:Copying data for preprocessing
2022-08-18 01:21:48,810:INFO:Declaring preprocessing parameters
2022-08-18 01:21:48,811:INFO:Creating preprocessing pipeline
2022-08-18 01:21:48,817:INFO:Preprocessing pipeline created successfully
2022-08-18 01:21:48,818:ERROR:(Process Exit): setup has been interupted with user command 'quit'. setup must rerun.
2022-08-18 01:21:48,818:INFO:Creating global containers
2022-08-18 01:21:48,819:INFO:Internal pipeline: Pipeline(memory=None, steps=[('empty_step', 'passthrough')], verbose=False)
2022-08-18 01:31:33,052:WARNING:Couldn't import xgboost.XGBClassifier
2022-08-18 01:31:33,053:WARNING:Couldn't import catboost.CatBoostClassifier
2022-08-18 01:31:33,141:WARNING:Couldn't import xgboost.XGBClassifier
2022-08-18 01:31:33,142:WARNING:Couldn't import catboost.CatBoostClassifier
2022-08-18 01:31:33,143:INFO:Creating grid variables
2022-08-18 01:31:33,153:INFO:create_model_container: 0
2022-08-18 01:31:33,153:INFO:master_model_container: 0
2022-08-18 01:31:33,153:INFO:display_container: 1
2022-08-18 01:31:33,158:INFO:Pipeline(memory=None,
         steps=[('dtypes',
                 DataTypes_Auto_infer(categorical_features=['sex_M_F',
                                                            'chest_pain_value',
                                                            'ECG_value',
                                                            'ST_slope_peak',
                                                            'defect_diag'],
                                      display_types=True, features_todrop=[],
                                      id_columns=[],
                                      ml_usecase='classification',
                                      numerical_features=[],
                                      target='heart_disease',
                                      time_features=[])),
                ('imputer',
                 Simple_Imputer(categorical_strategy='not_a...
                ('scaling', 'passthrough'), ('P_transform', 'passthrough'),
                ('binn', 'passthrough'), ('rem_outliers', 'passthrough'),
                ('cluster_all', 'passthrough'),
                ('dummy', Dummify(target='heart_disease')),
                ('fix_perfect', Remove_100(target='heart_disease')),
                ('clean_names', Clean_Colum_Names()),
                ('feature_select', 'passthrough'), ('fix_multi', 'passthrough'),
                ('dfs', 'passthrough'), ('pca', 'passthrough')],
         verbose=False)
2022-08-18 01:31:33,158:INFO:setup() succesfully completed......................................
2022-08-18 01:32:38,686:INFO:Initializing compare_models()
2022-08-18 01:32:38,686:INFO:compare_models(include=None, fold=None, round=4, cross_validation=True, sort=Accuracy, n_select=1, budget_time=None, turbo=True, errors=ignore, fit_kwargs=None, groups=None, experiment_custom_tags=None, probability_threshold=None, verbose=True, display=None, exclude=None)
2022-08-18 01:32:38,687:INFO:Checking exceptions
2022-08-18 01:32:38,687:INFO:Preparing display monitor
2022-08-18 01:32:38,688:INFO:Preparing display monitor
2022-08-18 01:32:38,710:INFO:Initializing Logistic Regression
2022-08-18 01:32:38,711:INFO:Total runtime is 1.6669432322184246e-05 minutes
2022-08-18 01:32:38,717:INFO:SubProcess create_model() called ==================================
2022-08-18 01:32:38,718:INFO:Initializing create_model()
2022-08-18 01:32:38,718:INFO:create_model(estimator=lr, fold=StratifiedKFold(n_splits=10, random_state=None, shuffle=False), round=4, cross_validation=True, predict=True, fit_kwargs={}, groups=None, refit=False, verbose=False, system=False, metrics=None, experiment_custom_tags=None, add_to_model_list=True, probability_threshold=None, display=<pycaret.internal.Display.Display object at 0x00000259CAFDA3D0>, return_train_score=False, kwargs={})
2022-08-18 01:32:38,718:INFO:Checking exceptions
2022-08-18 01:32:38,719:INFO:Importing libraries
2022-08-18 01:32:38,719:INFO:Copying training dataset
2022-08-18 01:32:38,720:INFO:Defining folds
2022-08-18 01:32:38,720:INFO:Declaring metric variables
2022-08-18 01:32:38,728:INFO:Importing untrained model
2022-08-18 01:32:38,735:INFO:Logistic Regression Imported succesfully
2022-08-18 01:32:38,749:INFO:Starting cross validation
2022-08-18 01:32:38,750:INFO:Cross validating with StratifiedKFold(n_splits=10, random_state=None, shuffle=False), n_jobs=-1
2022-08-18 01:32:43,820:INFO:Calculating mean and std
2022-08-18 01:32:43,821:INFO:Creating metrics dataframe
2022-08-18 01:32:43,826:INFO:Uploading results into container
2022-08-18 01:32:43,826:INFO:Uploading model into container now
2022-08-18 01:32:43,826:INFO:create_model_container: 1
2022-08-18 01:32:43,826:INFO:master_model_container: 1
2022-08-18 01:32:43,826:INFO:display_container: 2
2022-08-18 01:32:43,827:INFO:LogisticRegression(C=1.0, class_weight=None, dual=False, fit_intercept=True,
                   intercept_scaling=1, l1_ratio=None, max_iter=1000,
                   multi_class='auto', n_jobs=None, penalty='l2',
                   random_state=8683, solver='lbfgs', tol=0.0001, verbose=0,
                   warm_start=False)
2022-08-18 01:32:43,827:INFO:create_model() succesfully completed......................................
2022-08-18 01:32:43,939:INFO:SubProcess create_model() end ==================================
2022-08-18 01:32:43,939:INFO:Creating metrics dataframe
2022-08-18 01:32:43,948:INFO:Initializing K Neighbors Classifier
2022-08-18 01:32:43,948:INFO:Total runtime is 0.08730342388153077 minutes
2022-08-18 01:32:43,956:INFO:SubProcess create_model() called ==================================
2022-08-18 01:32:43,956:INFO:Initializing create_model()
2022-08-18 01:32:43,956:INFO:create_model(estimator=knn, fold=StratifiedKFold(n_splits=10, random_state=None, shuffle=False), round=4, cross_validation=True, predict=True, fit_kwargs={}, groups=None, refit=False, verbose=False, system=False, metrics=None, experiment_custom_tags=None, add_to_model_list=True, probability_threshold=None, display=<pycaret.internal.Display.Display object at 0x00000259CAFDA3D0>, return_train_score=False, kwargs={})
2022-08-18 01:32:43,956:INFO:Checking exceptions
2022-08-18 01:32:43,956:INFO:Importing libraries
2022-08-18 01:32:43,957:INFO:Copying training dataset
2022-08-18 01:32:43,957:INFO:Defining folds
2022-08-18 01:32:43,957:INFO:Declaring metric variables
2022-08-18 01:32:43,964:INFO:Importing untrained model
2022-08-18 01:32:43,971:INFO:K Neighbors Classifier Imported succesfully
2022-08-18 01:32:43,985:INFO:Starting cross validation
2022-08-18 01:32:43,985:INFO:Cross validating with StratifiedKFold(n_splits=10, random_state=None, shuffle=False), n_jobs=-1
2022-08-18 01:32:46,173:INFO:Calculating mean and std
2022-08-18 01:32:46,173:INFO:Creating metrics dataframe
2022-08-18 01:32:46,178:INFO:Uploading results into container
2022-08-18 01:32:46,178:INFO:Uploading model into container now
2022-08-18 01:32:46,178:INFO:create_model_container: 2
2022-08-18 01:32:46,178:INFO:master_model_container: 2
2022-08-18 01:32:46,178:INFO:display_container: 2
2022-08-18 01:32:46,179:INFO:KNeighborsClassifier(algorithm='auto', leaf_size=30, metric='minkowski',
                     metric_params=None, n_jobs=-1, n_neighbors=5, p=2,
                     weights='uniform')
2022-08-18 01:32:46,179:INFO:create_model() succesfully completed......................................
2022-08-18 01:32:46,286:INFO:SubProcess create_model() end ==================================
2022-08-18 01:32:46,286:INFO:Creating metrics dataframe
2022-08-18 01:32:46,295:INFO:Initializing Naive Bayes
2022-08-18 01:32:46,295:INFO:Total runtime is 0.1264150301615397 minutes
2022-08-18 01:32:46,302:INFO:SubProcess create_model() called ==================================
2022-08-18 01:32:46,302:INFO:Initializing create_model()
2022-08-18 01:32:46,302:INFO:create_model(estimator=nb, fold=StratifiedKFold(n_splits=10, random_state=None, shuffle=False), round=4, cross_validation=True, predict=True, fit_kwargs={}, groups=None, refit=False, verbose=False, system=False, metrics=None, experiment_custom_tags=None, add_to_model_list=True, probability_threshold=None, display=<pycaret.internal.Display.Display object at 0x00000259CAFDA3D0>, return_train_score=False, kwargs={})
2022-08-18 01:32:46,303:INFO:Checking exceptions
2022-08-18 01:32:46,303:INFO:Importing libraries
2022-08-18 01:32:46,303:INFO:Copying training dataset
2022-08-18 01:32:46,304:INFO:Defining folds
2022-08-18 01:32:46,304:INFO:Declaring metric variables
2022-08-18 01:32:46,310:INFO:Importing untrained model
2022-08-18 01:32:46,315:INFO:Naive Bayes Imported succesfully
2022-08-18 01:32:46,327:INFO:Starting cross validation
2022-08-18 01:32:46,328:INFO:Cross validating with StratifiedKFold(n_splits=10, random_state=None, shuffle=False), n_jobs=-1
2022-08-18 01:32:46,356:INFO:Calculating mean and std
2022-08-18 01:32:46,357:INFO:Creating metrics dataframe
2022-08-18 01:32:46,361:INFO:Uploading results into container
2022-08-18 01:32:46,361:INFO:Uploading model into container now
2022-08-18 01:32:46,361:INFO:create_model_container: 3
2022-08-18 01:32:46,362:INFO:master_model_container: 3
2022-08-18 01:32:46,362:INFO:display_container: 2
2022-08-18 01:32:46,362:INFO:GaussianNB(priors=None, var_smoothing=1e-09)
2022-08-18 01:32:46,362:INFO:create_model() succesfully completed......................................
2022-08-18 01:32:46,462:INFO:SubProcess create_model() end ==================================
2022-08-18 01:32:46,462:INFO:Creating metrics dataframe
2022-08-18 01:32:46,472:INFO:Initializing Decision Tree Classifier
2022-08-18 01:32:46,472:INFO:Total runtime is 0.1293653885523478 minutes
2022-08-18 01:32:46,479:INFO:SubProcess create_model() called ==================================
2022-08-18 01:32:46,479:INFO:Initializing create_model()
2022-08-18 01:32:46,479:INFO:create_model(estimator=dt, fold=StratifiedKFold(n_splits=10, random_state=None, shuffle=False), round=4, cross_validation=True, predict=True, fit_kwargs={}, groups=None, refit=False, verbose=False, system=False, metrics=None, experiment_custom_tags=None, add_to_model_list=True, probability_threshold=None, display=<pycaret.internal.Display.Display object at 0x00000259CAFDA3D0>, return_train_score=False, kwargs={})
2022-08-18 01:32:46,479:INFO:Checking exceptions
2022-08-18 01:32:46,480:INFO:Importing libraries
2022-08-18 01:32:46,480:INFO:Copying training dataset
2022-08-18 01:32:46,480:INFO:Defining folds
2022-08-18 01:32:46,481:INFO:Declaring metric variables
2022-08-18 01:32:46,487:INFO:Importing untrained model
2022-08-18 01:32:46,492:INFO:Decision Tree Classifier Imported succesfully
2022-08-18 01:32:46,507:INFO:Starting cross validation
2022-08-18 01:32:46,507:INFO:Cross validating with StratifiedKFold(n_splits=10, random_state=None, shuffle=False), n_jobs=-1
2022-08-18 01:32:46,534:INFO:Calculating mean and std
2022-08-18 01:32:46,535:INFO:Creating metrics dataframe
2022-08-18 01:32:46,540:INFO:Uploading results into container
2022-08-18 01:32:46,540:INFO:Uploading model into container now
2022-08-18 01:32:46,540:INFO:create_model_container: 4
2022-08-18 01:32:46,540:INFO:master_model_container: 4
2022-08-18 01:32:46,540:INFO:display_container: 2
2022-08-18 01:32:46,540:INFO:DecisionTreeClassifier(ccp_alpha=0.0, class_weight=None, criterion='gini',
                       max_depth=None, max_features=None, max_leaf_nodes=None,
                       min_impurity_decrease=0.0, min_impurity_split=None,
                       min_samples_leaf=1, min_samples_split=2,
                       min_weight_fraction_leaf=0.0, presort='deprecated',
                       random_state=8683, splitter='best')
2022-08-18 01:32:46,540:INFO:create_model() succesfully completed......................................
2022-08-18 01:32:46,641:INFO:SubProcess create_model() end ==================================
2022-08-18 01:32:46,641:INFO:Creating metrics dataframe
2022-08-18 01:32:46,651:INFO:Initializing SVM - Linear Kernel
2022-08-18 01:32:46,651:INFO:Total runtime is 0.13235096136728922 minutes
2022-08-18 01:32:46,658:INFO:SubProcess create_model() called ==================================
2022-08-18 01:32:46,658:INFO:Initializing create_model()
2022-08-18 01:32:46,658:INFO:create_model(estimator=svm, fold=StratifiedKFold(n_splits=10, random_state=None, shuffle=False), round=4, cross_validation=True, predict=True, fit_kwargs={}, groups=None, refit=False, verbose=False, system=False, metrics=None, experiment_custom_tags=None, add_to_model_list=True, probability_threshold=None, display=<pycaret.internal.Display.Display object at 0x00000259CAFDA3D0>, return_train_score=False, kwargs={})
2022-08-18 01:32:46,659:INFO:Checking exceptions
2022-08-18 01:32:46,659:INFO:Importing libraries
2022-08-18 01:32:46,659:INFO:Copying training dataset
2022-08-18 01:32:46,660:INFO:Defining folds
2022-08-18 01:32:46,660:INFO:Declaring metric variables
2022-08-18 01:32:46,665:INFO:Importing untrained model
2022-08-18 01:32:46,671:INFO:SVM - Linear Kernel Imported succesfully
2022-08-18 01:32:46,684:INFO:Starting cross validation
2022-08-18 01:32:46,684:INFO:Cross validating with StratifiedKFold(n_splits=10, random_state=None, shuffle=False), n_jobs=-1
2022-08-18 01:32:46,712:INFO:Calculating mean and std
2022-08-18 01:32:46,713:INFO:Creating metrics dataframe
2022-08-18 01:32:46,717:INFO:Uploading results into container
2022-08-18 01:32:46,717:INFO:Uploading model into container now
2022-08-18 01:32:46,717:INFO:create_model_container: 5
2022-08-18 01:32:46,717:INFO:master_model_container: 5
2022-08-18 01:32:46,717:INFO:display_container: 2
2022-08-18 01:32:46,718:INFO:SGDClassifier(alpha=0.0001, average=False, class_weight=None,
              early_stopping=False, epsilon=0.1, eta0=0.001, fit_intercept=True,
              l1_ratio=0.15, learning_rate='optimal', loss='hinge',
              max_iter=1000, n_iter_no_change=5, n_jobs=-1, penalty='l2',
              power_t=0.5, random_state=8683, shuffle=True, tol=0.001,
              validation_fraction=0.1, verbose=0, warm_start=False)
2022-08-18 01:32:46,718:INFO:create_model() succesfully completed......................................
2022-08-18 01:32:46,819:INFO:SubProcess create_model() end ==================================
2022-08-18 01:32:46,819:INFO:Creating metrics dataframe
2022-08-18 01:32:46,829:INFO:Initializing Ridge Classifier
2022-08-18 01:32:46,829:INFO:Total runtime is 0.13531702359517414 minutes
2022-08-18 01:32:46,836:INFO:SubProcess create_model() called ==================================
2022-08-18 01:32:46,836:INFO:Initializing create_model()
2022-08-18 01:32:46,836:INFO:create_model(estimator=ridge, fold=StratifiedKFold(n_splits=10, random_state=None, shuffle=False), round=4, cross_validation=True, predict=True, fit_kwargs={}, groups=None, refit=False, verbose=False, system=False, metrics=None, experiment_custom_tags=None, add_to_model_list=True, probability_threshold=None, display=<pycaret.internal.Display.Display object at 0x00000259CAFDA3D0>, return_train_score=False, kwargs={})
2022-08-18 01:32:46,836:INFO:Checking exceptions
2022-08-18 01:32:46,836:INFO:Importing libraries
2022-08-18 01:32:46,837:INFO:Copying training dataset
2022-08-18 01:32:46,837:INFO:Defining folds
2022-08-18 01:32:46,837:INFO:Declaring metric variables
2022-08-18 01:32:46,843:INFO:Importing untrained model
2022-08-18 01:32:46,849:INFO:Ridge Classifier Imported succesfully
2022-08-18 01:32:46,861:INFO:Starting cross validation
2022-08-18 01:32:46,862:INFO:Cross validating with StratifiedKFold(n_splits=10, random_state=None, shuffle=False), n_jobs=-1
2022-08-18 01:32:46,887:INFO:Calculating mean and std
2022-08-18 01:32:46,888:INFO:Creating metrics dataframe
2022-08-18 01:32:46,893:INFO:Uploading results into container
2022-08-18 01:32:46,893:INFO:Uploading model into container now
2022-08-18 01:32:46,893:INFO:create_model_container: 6
2022-08-18 01:32:46,893:INFO:master_model_container: 6
2022-08-18 01:32:46,894:INFO:display_container: 2
2022-08-18 01:32:46,894:INFO:RidgeClassifier(alpha=1.0, class_weight=None, copy_X=True, fit_intercept=True,
                max_iter=None, normalize=False, random_state=8683,
                solver='auto', tol=0.001)
2022-08-18 01:32:46,894:INFO:create_model() succesfully completed......................................
2022-08-18 01:32:46,993:INFO:SubProcess create_model() end ==================================
2022-08-18 01:32:46,993:INFO:Creating metrics dataframe
2022-08-18 01:32:47,004:INFO:Initializing Random Forest Classifier
2022-08-18 01:32:47,004:INFO:Total runtime is 0.13823533058166504 minutes
2022-08-18 01:32:47,010:INFO:SubProcess create_model() called ==================================
2022-08-18 01:32:47,011:INFO:Initializing create_model()
2022-08-18 01:32:47,011:INFO:create_model(estimator=rf, fold=StratifiedKFold(n_splits=10, random_state=None, shuffle=False), round=4, cross_validation=True, predict=True, fit_kwargs={}, groups=None, refit=False, verbose=False, system=False, metrics=None, experiment_custom_tags=None, add_to_model_list=True, probability_threshold=None, display=<pycaret.internal.Display.Display object at 0x00000259CAFDA3D0>, return_train_score=False, kwargs={})
2022-08-18 01:32:47,011:INFO:Checking exceptions
2022-08-18 01:32:47,011:INFO:Importing libraries
2022-08-18 01:32:47,011:INFO:Copying training dataset
2022-08-18 01:32:47,012:INFO:Defining folds
2022-08-18 01:32:47,012:INFO:Declaring metric variables
2022-08-18 01:32:47,018:INFO:Importing untrained model
2022-08-18 01:32:47,024:INFO:Random Forest Classifier Imported succesfully
2022-08-18 01:32:47,037:INFO:Starting cross validation
2022-08-18 01:32:47,037:INFO:Cross validating with StratifiedKFold(n_splits=10, random_state=None, shuffle=False), n_jobs=-1
2022-08-18 01:32:47,365:INFO:Calculating mean and std
2022-08-18 01:32:47,366:INFO:Creating metrics dataframe
2022-08-18 01:32:47,370:INFO:Uploading results into container
2022-08-18 01:32:47,370:INFO:Uploading model into container now
2022-08-18 01:32:47,371:INFO:create_model_container: 7
2022-08-18 01:32:47,371:INFO:master_model_container: 7
2022-08-18 01:32:47,371:INFO:display_container: 2
2022-08-18 01:32:47,371:INFO:RandomForestClassifier(bootstrap=True, ccp_alpha=0.0, class_weight=None,
                       criterion='gini', max_depth=None, max_features='auto',
                       max_leaf_nodes=None, max_samples=None,
                       min_impurity_decrease=0.0, min_impurity_split=None,
                       min_samples_leaf=1, min_samples_split=2,
                       min_weight_fraction_leaf=0.0, n_estimators=100,
                       n_jobs=-1, oob_score=False, random_state=8683, verbose=0,
                       warm_start=False)
2022-08-18 01:32:47,371:INFO:create_model() succesfully completed......................................
2022-08-18 01:32:47,472:INFO:SubProcess create_model() end ==================================
2022-08-18 01:32:47,472:INFO:Creating metrics dataframe
2022-08-18 01:32:47,484:INFO:Initializing Quadratic Discriminant Analysis
2022-08-18 01:32:47,484:INFO:Total runtime is 0.14622708956400554 minutes
2022-08-18 01:32:47,491:INFO:SubProcess create_model() called ==================================
2022-08-18 01:32:47,491:INFO:Initializing create_model()
2022-08-18 01:32:47,491:INFO:create_model(estimator=qda, fold=StratifiedKFold(n_splits=10, random_state=None, shuffle=False), round=4, cross_validation=True, predict=True, fit_kwargs={}, groups=None, refit=False, verbose=False, system=False, metrics=None, experiment_custom_tags=None, add_to_model_list=True, probability_threshold=None, display=<pycaret.internal.Display.Display object at 0x00000259CAFDA3D0>, return_train_score=False, kwargs={})
2022-08-18 01:32:47,491:INFO:Checking exceptions
2022-08-18 01:32:47,491:INFO:Importing libraries
2022-08-18 01:32:47,492:INFO:Copying training dataset
2022-08-18 01:32:47,492:INFO:Defining folds
2022-08-18 01:32:47,492:INFO:Declaring metric variables
2022-08-18 01:32:47,498:INFO:Importing untrained model
2022-08-18 01:32:47,504:INFO:Quadratic Discriminant Analysis Imported succesfully
2022-08-18 01:32:47,517:INFO:Starting cross validation
2022-08-18 01:32:47,518:INFO:Cross validating with StratifiedKFold(n_splits=10, random_state=None, shuffle=False), n_jobs=-1
2022-08-18 01:32:47,552:INFO:Calculating mean and std
2022-08-18 01:32:47,553:INFO:Creating metrics dataframe
2022-08-18 01:32:47,557:INFO:Uploading results into container
2022-08-18 01:32:47,557:INFO:Uploading model into container now
2022-08-18 01:32:47,557:INFO:create_model_container: 8
2022-08-18 01:32:47,557:INFO:master_model_container: 8
2022-08-18 01:32:47,558:INFO:display_container: 2
2022-08-18 01:32:47,558:INFO:QuadraticDiscriminantAnalysis(priors=None, reg_param=0.0,
                              store_covariance=False, tol=0.0001)
2022-08-18 01:32:47,558:INFO:create_model() succesfully completed......................................
2022-08-18 01:32:47,658:INFO:SubProcess create_model() end ==================================
2022-08-18 01:32:47,658:INFO:Creating metrics dataframe
2022-08-18 01:32:47,669:INFO:Initializing Ada Boost Classifier
2022-08-18 01:32:47,669:INFO:Total runtime is 0.14931795597076417 minutes
2022-08-18 01:32:47,676:INFO:SubProcess create_model() called ==================================
2022-08-18 01:32:47,676:INFO:Initializing create_model()
2022-08-18 01:32:47,676:INFO:create_model(estimator=ada, fold=StratifiedKFold(n_splits=10, random_state=None, shuffle=False), round=4, cross_validation=True, predict=True, fit_kwargs={}, groups=None, refit=False, verbose=False, system=False, metrics=None, experiment_custom_tags=None, add_to_model_list=True, probability_threshold=None, display=<pycaret.internal.Display.Display object at 0x00000259CAFDA3D0>, return_train_score=False, kwargs={})
2022-08-18 01:32:47,676:INFO:Checking exceptions
2022-08-18 01:32:47,677:INFO:Importing libraries
2022-08-18 01:32:47,677:INFO:Copying training dataset
2022-08-18 01:32:47,677:INFO:Defining folds
2022-08-18 01:32:47,678:INFO:Declaring metric variables
2022-08-18 01:32:47,683:INFO:Importing untrained model
2022-08-18 01:32:47,690:INFO:Ada Boost Classifier Imported succesfully
2022-08-18 01:32:47,703:INFO:Starting cross validation
2022-08-18 01:32:47,704:INFO:Cross validating with StratifiedKFold(n_splits=10, random_state=None, shuffle=False), n_jobs=-1
2022-08-18 01:32:47,845:INFO:Calculating mean and std
2022-08-18 01:32:47,846:INFO:Creating metrics dataframe
2022-08-18 01:32:47,850:INFO:Uploading results into container
2022-08-18 01:32:47,850:INFO:Uploading model into container now
2022-08-18 01:32:47,850:INFO:create_model_container: 9
2022-08-18 01:32:47,850:INFO:master_model_container: 9
2022-08-18 01:32:47,850:INFO:display_container: 2
2022-08-18 01:32:47,851:INFO:AdaBoostClassifier(algorithm='SAMME.R', base_estimator=None, learning_rate=1.0,
                   n_estimators=50, random_state=8683)
2022-08-18 01:32:47,851:INFO:create_model() succesfully completed......................................
2022-08-18 01:32:47,952:INFO:SubProcess create_model() end ==================================
2022-08-18 01:32:47,952:INFO:Creating metrics dataframe
2022-08-18 01:32:47,964:INFO:Initializing Gradient Boosting Classifier
2022-08-18 01:32:47,964:INFO:Total runtime is 0.15423502127329508 minutes
2022-08-18 01:32:47,970:INFO:SubProcess create_model() called ==================================
2022-08-18 01:32:47,970:INFO:Initializing create_model()
2022-08-18 01:32:47,970:INFO:create_model(estimator=gbc, fold=StratifiedKFold(n_splits=10, random_state=None, shuffle=False), round=4, cross_validation=True, predict=True, fit_kwargs={}, groups=None, refit=False, verbose=False, system=False, metrics=None, experiment_custom_tags=None, add_to_model_list=True, probability_threshold=None, display=<pycaret.internal.Display.Display object at 0x00000259CAFDA3D0>, return_train_score=False, kwargs={})
2022-08-18 01:32:47,970:INFO:Checking exceptions
2022-08-18 01:32:47,971:INFO:Importing libraries
2022-08-18 01:32:47,971:INFO:Copying training dataset
2022-08-18 01:32:47,971:INFO:Defining folds
2022-08-18 01:32:47,972:INFO:Declaring metric variables
2022-08-18 01:32:47,978:INFO:Importing untrained model
2022-08-18 01:32:47,984:INFO:Gradient Boosting Classifier Imported succesfully
2022-08-18 01:32:47,996:INFO:Starting cross validation
2022-08-18 01:32:47,997:INFO:Cross validating with StratifiedKFold(n_splits=10, random_state=None, shuffle=False), n_jobs=-1
2022-08-18 01:32:48,108:INFO:Calculating mean and std
2022-08-18 01:32:48,109:INFO:Creating metrics dataframe
2022-08-18 01:32:48,113:INFO:Uploading results into container
2022-08-18 01:32:48,114:INFO:Uploading model into container now
2022-08-18 01:32:48,114:INFO:create_model_container: 10
2022-08-18 01:32:48,114:INFO:master_model_container: 10
2022-08-18 01:32:48,114:INFO:display_container: 2
2022-08-18 01:32:48,114:INFO:GradientBoostingClassifier(ccp_alpha=0.0, criterion='friedman_mse', init=None,
                           learning_rate=0.1, loss='deviance', max_depth=3,
                           max_features=None, max_leaf_nodes=None,
                           min_impurity_decrease=0.0, min_impurity_split=None,
                           min_samples_leaf=1, min_samples_split=2,
                           min_weight_fraction_leaf=0.0, n_estimators=100,
                           n_iter_no_change=None, presort='deprecated',
                           random_state=8683, subsample=1.0, tol=0.0001,
                           validation_fraction=0.1, verbose=0,
                           warm_start=False)
2022-08-18 01:32:48,114:INFO:create_model() succesfully completed......................................
2022-08-18 01:32:48,215:INFO:SubProcess create_model() end ==================================
2022-08-18 01:32:48,215:INFO:Creating metrics dataframe
2022-08-18 01:32:48,227:INFO:Initializing Linear Discriminant Analysis
2022-08-18 01:32:48,227:INFO:Total runtime is 0.1586189071337382 minutes
2022-08-18 01:32:48,234:INFO:SubProcess create_model() called ==================================
2022-08-18 01:32:48,234:INFO:Initializing create_model()
2022-08-18 01:32:48,234:INFO:create_model(estimator=lda, fold=StratifiedKFold(n_splits=10, random_state=None, shuffle=False), round=4, cross_validation=True, predict=True, fit_kwargs={}, groups=None, refit=False, verbose=False, system=False, metrics=None, experiment_custom_tags=None, add_to_model_list=True, probability_threshold=None, display=<pycaret.internal.Display.Display object at 0x00000259CAFDA3D0>, return_train_score=False, kwargs={})
2022-08-18 01:32:48,234:INFO:Checking exceptions
2022-08-18 01:32:48,234:INFO:Importing libraries
2022-08-18 01:32:48,235:INFO:Copying training dataset
2022-08-18 01:32:48,235:INFO:Defining folds
2022-08-18 01:32:48,235:INFO:Declaring metric variables
2022-08-18 01:32:48,242:INFO:Importing untrained model
2022-08-18 01:32:48,250:INFO:Linear Discriminant Analysis Imported succesfully
2022-08-18 01:32:48,267:INFO:Starting cross validation
2022-08-18 01:32:48,268:INFO:Cross validating with StratifiedKFold(n_splits=10, random_state=None, shuffle=False), n_jobs=-1
2022-08-18 01:32:48,306:INFO:Calculating mean and std
2022-08-18 01:32:48,307:INFO:Creating metrics dataframe
2022-08-18 01:32:48,312:INFO:Uploading results into container
2022-08-18 01:32:48,312:INFO:Uploading model into container now
2022-08-18 01:32:48,313:INFO:create_model_container: 11
2022-08-18 01:32:48,313:INFO:master_model_container: 11
2022-08-18 01:32:48,313:INFO:display_container: 2
2022-08-18 01:32:48,313:INFO:LinearDiscriminantAnalysis(n_components=None, priors=None, shrinkage=None,
                           solver='svd', store_covariance=False, tol=0.0001)
2022-08-18 01:32:48,313:INFO:create_model() succesfully completed......................................
2022-08-18 01:32:48,417:INFO:SubProcess create_model() end ==================================
2022-08-18 01:32:48,417:INFO:Creating metrics dataframe
2022-08-18 01:32:48,430:INFO:Initializing Extra Trees Classifier
2022-08-18 01:32:48,430:INFO:Total runtime is 0.16200287342071532 minutes
2022-08-18 01:32:48,436:INFO:SubProcess create_model() called ==================================
2022-08-18 01:32:48,436:INFO:Initializing create_model()
2022-08-18 01:32:48,436:INFO:create_model(estimator=et, fold=StratifiedKFold(n_splits=10, random_state=None, shuffle=False), round=4, cross_validation=True, predict=True, fit_kwargs={}, groups=None, refit=False, verbose=False, system=False, metrics=None, experiment_custom_tags=None, add_to_model_list=True, probability_threshold=None, display=<pycaret.internal.Display.Display object at 0x00000259CAFDA3D0>, return_train_score=False, kwargs={})
2022-08-18 01:32:48,436:INFO:Checking exceptions
2022-08-18 01:32:48,437:INFO:Importing libraries
2022-08-18 01:32:48,437:INFO:Copying training dataset
2022-08-18 01:32:48,437:INFO:Defining folds
2022-08-18 01:32:48,437:INFO:Declaring metric variables
2022-08-18 01:32:48,443:INFO:Importing untrained model
2022-08-18 01:32:48,449:INFO:Extra Trees Classifier Imported succesfully
2022-08-18 01:32:48,463:INFO:Starting cross validation
2022-08-18 01:32:48,463:INFO:Cross validating with StratifiedKFold(n_splits=10, random_state=None, shuffle=False), n_jobs=-1
2022-08-18 01:32:48,743:INFO:Calculating mean and std
2022-08-18 01:32:48,744:INFO:Creating metrics dataframe
2022-08-18 01:32:48,748:INFO:Uploading results into container
2022-08-18 01:32:48,748:INFO:Uploading model into container now
2022-08-18 01:32:48,748:INFO:create_model_container: 12
2022-08-18 01:32:48,748:INFO:master_model_container: 12
2022-08-18 01:32:48,748:INFO:display_container: 2
2022-08-18 01:32:48,748:INFO:ExtraTreesClassifier(bootstrap=False, ccp_alpha=0.0, class_weight=None,
                     criterion='gini', max_depth=None, max_features='auto',
                     max_leaf_nodes=None, max_samples=None,
                     min_impurity_decrease=0.0, min_impurity_split=None,
                     min_samples_leaf=1, min_samples_split=2,
                     min_weight_fraction_leaf=0.0, n_estimators=100, n_jobs=-1,
                     oob_score=False, random_state=8683, verbose=0,
                     warm_start=False)
2022-08-18 01:32:48,749:INFO:create_model() succesfully completed......................................
2022-08-18 01:32:48,852:INFO:SubProcess create_model() end ==================================
2022-08-18 01:32:48,852:INFO:Creating metrics dataframe
2022-08-18 01:32:48,864:INFO:Initializing Light Gradient Boosting Machine
2022-08-18 01:32:48,865:INFO:Total runtime is 0.1692486564318339 minutes
2022-08-18 01:32:48,871:INFO:SubProcess create_model() called ==================================
2022-08-18 01:32:48,872:INFO:Initializing create_model()
2022-08-18 01:32:48,872:INFO:create_model(estimator=lightgbm, fold=StratifiedKFold(n_splits=10, random_state=None, shuffle=False), round=4, cross_validation=True, predict=True, fit_kwargs={}, groups=None, refit=False, verbose=False, system=False, metrics=None, experiment_custom_tags=None, add_to_model_list=True, probability_threshold=None, display=<pycaret.internal.Display.Display object at 0x00000259CAFDA3D0>, return_train_score=False, kwargs={})
2022-08-18 01:32:48,872:INFO:Checking exceptions
2022-08-18 01:32:48,872:INFO:Importing libraries
2022-08-18 01:32:48,872:INFO:Copying training dataset
2022-08-18 01:32:48,873:INFO:Defining folds
2022-08-18 01:32:48,873:INFO:Declaring metric variables
2022-08-18 01:32:48,879:INFO:Importing untrained model
2022-08-18 01:32:48,886:INFO:Light Gradient Boosting Machine Imported succesfully
2022-08-18 01:32:48,900:INFO:Starting cross validation
2022-08-18 01:32:48,901:INFO:Cross validating with StratifiedKFold(n_splits=10, random_state=None, shuffle=False), n_jobs=-1
2022-08-18 01:32:48,972:INFO:Calculating mean and std
2022-08-18 01:32:48,973:INFO:Creating metrics dataframe
2022-08-18 01:32:48,977:INFO:Uploading results into container
2022-08-18 01:32:48,977:INFO:Uploading model into container now
2022-08-18 01:32:48,977:INFO:create_model_container: 13
2022-08-18 01:32:48,977:INFO:master_model_container: 13
2022-08-18 01:32:48,977:INFO:display_container: 2
2022-08-18 01:32:48,978:INFO:LGBMClassifier(boosting_type='gbdt', class_weight=None, colsample_bytree=1.0,
               importance_type='split', learning_rate=0.1, max_depth=-1,
               min_child_samples=20, min_child_weight=0.001, min_split_gain=0.0,
               n_estimators=100, n_jobs=-1, num_leaves=31, objective=None,
               random_state=8683, reg_alpha=0.0, reg_lambda=0.0, silent='warn',
               subsample=1.0, subsample_for_bin=200000, subsample_freq=0)
2022-08-18 01:32:48,978:INFO:create_model() succesfully completed......................................
2022-08-18 01:32:49,080:INFO:SubProcess create_model() end ==================================
2022-08-18 01:32:49,080:INFO:Creating metrics dataframe
2022-08-18 01:32:49,093:INFO:Initializing Dummy Classifier
2022-08-18 01:32:49,093:INFO:Total runtime is 0.17305426200230917 minutes
2022-08-18 01:32:49,100:INFO:SubProcess create_model() called ==================================
2022-08-18 01:32:49,100:INFO:Initializing create_model()
2022-08-18 01:32:49,100:INFO:create_model(estimator=dummy, fold=StratifiedKFold(n_splits=10, random_state=None, shuffle=False), round=4, cross_validation=True, predict=True, fit_kwargs={}, groups=None, refit=False, verbose=False, system=False, metrics=None, experiment_custom_tags=None, add_to_model_list=True, probability_threshold=None, display=<pycaret.internal.Display.Display object at 0x00000259CAFDA3D0>, return_train_score=False, kwargs={})
2022-08-18 01:32:49,100:INFO:Checking exceptions
2022-08-18 01:32:49,100:INFO:Importing libraries
2022-08-18 01:32:49,101:INFO:Copying training dataset
2022-08-18 01:32:49,101:INFO:Defining folds
2022-08-18 01:32:49,101:INFO:Declaring metric variables
2022-08-18 01:32:49,107:INFO:Importing untrained model
2022-08-18 01:32:49,114:INFO:Dummy Classifier Imported succesfully
2022-08-18 01:32:49,126:INFO:Starting cross validation
2022-08-18 01:32:49,126:INFO:Cross validating with StratifiedKFold(n_splits=10, random_state=None, shuffle=False), n_jobs=-1
2022-08-18 01:32:49,150:INFO:Calculating mean and std
2022-08-18 01:32:49,151:INFO:Creating metrics dataframe
2022-08-18 01:32:49,155:INFO:Uploading results into container
2022-08-18 01:32:49,155:INFO:Uploading model into container now
2022-08-18 01:32:49,155:INFO:create_model_container: 14
2022-08-18 01:32:49,155:INFO:master_model_container: 14
2022-08-18 01:32:49,155:INFO:display_container: 2
2022-08-18 01:32:49,156:INFO:DummyClassifier(constant=None, random_state=8683, strategy='prior')
2022-08-18 01:32:49,156:INFO:create_model() succesfully completed......................................
2022-08-18 01:32:49,256:INFO:SubProcess create_model() end ==================================
2022-08-18 01:32:49,256:INFO:Creating metrics dataframe
2022-08-18 01:32:49,283:INFO:Initializing create_model()
2022-08-18 01:32:49,283:INFO:create_model(estimator=LogisticRegression(C=1.0, class_weight=None, dual=False, fit_intercept=True,
                   intercept_scaling=1, l1_ratio=None, max_iter=1000,
                   multi_class='auto', n_jobs=None, penalty='l2',
                   random_state=8683, solver='lbfgs', tol=0.0001, verbose=0,
                   warm_start=False), fold=StratifiedKFold(n_splits=10, random_state=None, shuffle=False), round=4, cross_validation=False, predict=False, fit_kwargs={}, groups=None, refit=True, verbose=False, system=False, metrics=None, experiment_custom_tags=None, add_to_model_list=True, probability_threshold=None, display=None, return_train_score=False, kwargs={})
2022-08-18 01:32:49,283:INFO:Checking exceptions
2022-08-18 01:32:49,283:INFO:Importing libraries
2022-08-18 01:32:49,283:INFO:Copying training dataset
2022-08-18 01:32:49,284:INFO:Defining folds
2022-08-18 01:32:49,284:INFO:Declaring metric variables
2022-08-18 01:32:49,284:INFO:Importing untrained model
2022-08-18 01:32:49,284:INFO:Declaring custom model
2022-08-18 01:32:49,285:INFO:Logistic Regression Imported succesfully
2022-08-18 01:32:49,285:INFO:Cross validation set to False
2022-08-18 01:32:49,285:INFO:Fitting Model
2022-08-18 01:32:49,434:INFO:LogisticRegression(C=1.0, class_weight=None, dual=False, fit_intercept=True,
                   intercept_scaling=1, l1_ratio=None, max_iter=1000,
                   multi_class='auto', n_jobs=None, penalty='l2',
                   random_state=8683, solver='lbfgs', tol=0.0001, verbose=0,
                   warm_start=False)
2022-08-18 01:32:49,434:INFO:create_models() succesfully completed......................................
2022-08-18 01:32:49,556:INFO:create_model_container: 14
2022-08-18 01:32:49,557:INFO:master_model_container: 14
2022-08-18 01:32:49,557:INFO:display_container: 2
2022-08-18 01:32:49,557:INFO:LogisticRegression(C=1.0, class_weight=None, dual=False, fit_intercept=True,
                   intercept_scaling=1, l1_ratio=None, max_iter=1000,
                   multi_class='auto', n_jobs=None, penalty='l2',
                   random_state=8683, solver='lbfgs', tol=0.0001, verbose=0,
                   warm_start=False)
2022-08-18 01:32:49,557:INFO:compare_models() succesfully completed......................................
